1683543367697	geckodriver	INFO	Listening on 127.0.0.1:50830
1683543370894	mozrunner::runner	INFO	Running command: "C:\\Users\\User\\AppData\\Local\\Mozilla Firefox\\firefox.exe" "--marionette" "--remote-debugging-port" "50 ... 31" "--remote-allow-hosts" "localhost" "-no-remote" "-profile" "C:\\Users\\User\\AppData\\Local\\Temp\\rust_mozprofileol1ORO"
console.warn: services.settings: Ignoring preference override of remote settings server
console.warn: services.settings: Allow by setting MOZ_REMOTE_SETTINGS_DEVTOOLS=1 in the environment
1683543373233	Marionette	INFO	Marionette enabled
Dynamically enable window occlusion 0
1683543373254	Marionette	INFO	Listening on port 50842
Read port: 50842
WebDriver BiDi listening on ws://127.0.0.1:50831
1683543373886	RemoteAgent	WARN	TLS certificate errors will be ignored for this session
console.warn: SearchSettings: "get: No settings file exists, new profile?" (new NotFoundError("Could not open the file at C:\\Users\\User\\AppData\\Local\\Temp\\rust_mozprofileol1ORO\\search.json.mozlz4", (void 0)))
[ERROR glean_core] Error setting metrics feature config: Json(Error("EOF while parsing a value", line: 1, column: 0))
DevTools listening on ws://127.0.0.1:50831/devtools/browser/b44e0e2d-bcb3-4153-b4c0-795a7ef04027
console.warn: services.settings: Ignoring preference override of remote settings server
console.warn: services.settings: Allow by setting MOZ_REMOTE_SETTINGS_DEVTOOLS=1 in the environment
console.error: (new TypeError("lazy.AsyncShutdown.profileBeforeChange is undefined", "resource://services-settings/Database.sys.mjs", 599))
JavaScript error: , line 0: NS_ERROR_NOT_AVAILABLE
JavaScript error: , line 0: TypeError: NetworkError when attempting to fetch resource.
JavaScript error: , line 0: TypeError: NetworkError when attempting to fetch resource.
console.warn: LoginRecipes: "Falling back to a synchronous message for: https://accounts.google.com."
1683544476620	Marionette	INFO	Stopped listening on port 50842
Dynamically enable window occlusion 1
1683559304210	geckodriver	INFO	Listening on 127.0.0.1:53219
1683559307446	mozrunner::runner	INFO	Running command: "C:\\Users\\User\\AppData\\Local\\Mozilla Firefox\\firefox.exe" "--marionette" "--remote-debugging-port" "53 ... 20" "--remote-allow-hosts" "localhost" "-no-remote" "-profile" "C:\\Users\\User\\AppData\\Local\\Temp\\rust_mozprofileJApJje"
console.warn: services.settings: Ignoring preference override of remote settings server
console.warn: services.settings: Allow by setting MOZ_REMOTE_SETTINGS_DEVTOOLS=1 in the environment
1683559310179	Marionette	INFO	Marionette enabled
Dynamically enable window occlusion 0
1683559310200	Marionette	INFO	Listening on port 53228
Read port: 53228
WebDriver BiDi listening on ws://127.0.0.1:53220
1683559310857	RemoteAgent	WARN	TLS certificate errors will be ignored for this session
console.warn: SearchSettings: "get: No settings file exists, new profile?" (new NotFoundError("Could not open the file at C:\\Users\\User\\AppData\\Local\\Temp\\rust_mozprofileJApJje\\search.json.mozlz4", (void 0)))
[ERROR glean_core] Error setting metrics feature config: Json(Error("EOF while parsing a value", line: 1, column: 0))
DevTools listening on ws://127.0.0.1:53220/devtools/browser/02bd328a-22ba-4de8-9929-5f170953faac
JavaScript error: , line 0: NS_ERROR_NOT_AVAILABLE
1683585145227	Marionette	INFO	Stopped listening on port 53228
Dynamically enable window occlusion 1
a Firefox\\firefox.exe" "--marionette" "--remote-debugging-port" "53 ... 80" "--remote-allow-hosts" "localhost" "-no-remote" "-profile" "C:\\Users\\User\\AppData\\Local\\Temp\\rust_mozprofileY6YrR6"
console.warn: services.settings: Ignoring preference override of remote settings server
console.warn: services.settings: Allow by setting MOZ_REMOTE_SETTINGS_DEVTOOLS=1 in the environment
1683559546441	Marionette	INFO	Marionette enabled
Dynamically enable window occlusion 0
1683559546461	Marionette	INFO	Listening on port 53288
Read port: 53288
WebDriver BiDi listening on ws://127.0.0.1:53280
1683559547067	RemoteAgent	WARN	TLS certificate errors will be ignored for this session
console.warn: SearchSettings: "get: No settings file exists, new profile?" (new NotFoundError("Could not open the file at C:\\Users\\User\\AppData\\Local\\Temp\\rust_mozprofileY6YrR6\\search.json.mozlz4", (void 0)))
[ERROR glean_core] Error setting metrics feature config: Json(Error("EOF while parsing a value", line: 1, column: 0))
DevTools listening on ws://127.0.0.1:53280/devtools/browser/67f50507-d04b-4a9e-a2c3-b5d922d2d543
JavaScript error: , line 0: NS_ERROR_NOT_AVAILABLE
1683561090559	Marionette	INFO	Stopped listening on port 53288
Dynamically enable window occlusion 1
a Firefox\\firefox.exe" "--marionette" "--remote-debugging-port" "53 ... 60" "--remote-allow-hosts" "localhost" "-no-remote" "-profile" "C:\\Users\\User\\AppData\\Local\\Temp\\rust_mozprofileMqUWpH"
console.warn: services.settings: Ignoring preference override of remote settings server
console.warn: services.settings: Allow by setting MOZ_REMOTE_SETTINGS_DEVTOOLS=1 in the environment
1683559826470	Marionette	INFO	Marionette enabled
Dynamically enable window occlusion 0
1683559826493	Marionette	INFO	Listening on port 53368
Read port: 53368
WebDriver BiDi listening on ws://127.0.0.1:53360
1683559827094	RemoteAgent	WARN	TLS certificate errors will be ignored for this session
console.warn: SearchSettings: "get: No settings file exists, new profile?" (new NotFoundError("Could not open the file at C:\\Users\\User\\AppData\\Local\\Temp\\rust_mozprofileMqUWpH\\search.json.mozlz4", (void 0)))
[ERROR glean_core] Error setting metrics feature config: Json(Error("EOF while parsing a value", line: 1, column: 0))
DevTools listening on ws://127.0.0.1:53360/devtools/browser/4874820b-edfc-436b-8344-65339c48c9be
JavaScript error: , line 0: NS_ERROR_NOT_AVAILABLE
1683561092774	Marionette	INFO	Stopped listening on port 53368
Dynamically enable window occlusion 1
a Firefox\\firefox.exe" "--marionette" "--remote-debugging-port" "53 ... 93" "--remote-allow-hosts" "localhost" "-no-remote" "-profile" "C:\\Users\\User\\AppData\\Local\\Temp\\rust_mozprofilez2kG0x"
console.warn: services.settings: Ignoring preference override of remote settings server
console.warn: services.settings: Allow by setting MOZ_REMOTE_SETTINGS_DEVTOOLS=1 in the environment
1683560041699	Marionette	INFO	Marionette enabled
Dynamically enable window occlusion 0
1683560041730	Marionette	INFO	Listening on port 53504
Read port: 53504
WebDriver BiDi listening on ws://127.0.0.1:53493
1683560042543	RemoteAgent	WARN	TLS certificate errors will be ignored for this session
console.warn: SearchSettings: "get: No settings file exists, new profile?" (new NotFoundError("Could not open the file at C:\\Users\\User\\AppData\\Local\\Temp\\rust_mozprofilez2kG0x\\search.json.mozlz4", (void 0)))
[ERROR glean_core] Error setting metrics feature config: Json(Error("EOF while parsing a value", line: 1, column: 0))
DevTools listening on ws://127.0.0.1:53493/devtools/browser/90b56755-142a-4e8d-b6d7-3ccf6f253c08
JavaScript error: , line 0: NS_ERROR_NOT_AVAILABLE
1683561095033	Marionette	INFO	Stopped listening on port 53504
Dynamically enable window occlusion 1
[Parent 1492, IPC I/O Parent] WARNING: DuplicateHandle failed for handle 0 in TransferHandles: file /builds/worker/checkouts/gecko/ipc/chromium/src/chrome/common/ipc_channel_win.cc:777
" "C:\\Users\\User\\AppData\\Local\\Temp\\rust_mozprofilekEyWPj"
console.warn: services.settings: Ignoring preference override of remote settings server
console.warn: services.settings: Allow by setting MOZ_REMOTE_SETTINGS_DEVTOOLS=1 in the environment
1683560914806	Marionette	INFO	Marionette enabled
Dynamically enable window occlusion 0
1683560914837	Marionette	INFO	Listening on port 53705
Read port: 53705
WebDriver BiDi listening on ws://127.0.0.1:53697
1683560915582	RemoteAgent	WARN	TLS certificate errors will be ignored for this session
console.warn: SearchSettings: "get: No settings file exists, new profile?" (new NotFoundError("Could not open the file at C:\\Users\\User\\AppData\\Local\\Temp\\rust_mozprofilekEyWPj\\search.json.mozlz4", (void 0)))
[ERROR glean_core] Error setting metrics feature config: Json(Error("EOF while parsing a value", line: 1, column: 0))
DevTools listening on ws://127.0.0.1:53697/devtools/browser/05016e00-053d-4bbe-911a-22c9505fe122
1683561095748	Marionette	INFO	Stopped listening on port 53705
Dynamically enable window occlusion 1
ng command: "C:\\Users\\User\\AppData\\Local\\Mozilla Firefox\\firefox.exe" "--marionette" "--remote-debugging-port" "53 ... 47" "--remote-allow-hosts" "localhost" "-no-remote" "-profile" "C:\\Users\\User\\AppData\\Local\\Temp\\rust_mozprofiledG1xZ7"
console.warn: services.settings: Ignoring preference override of remote settings server
console.warn: services.settings: Allow by setting MOZ_REMOTE_SETTINGS_DEVTOOLS=1 in the environment
1683561075446	Marionette	INFO	Marionette enabled
Dynamically enable window occlusion 0
1683561075471	Marionette	INFO	Listening on port 53755
Read port: 53755
WebDriver BiDi listening on ws://127.0.0.1:53747
1683561076233	RemoteAgent	WARN	TLS certificate errors will be ignored for this session
console.warn: SearchSettings: "get: No settings file exists, new profile?" (new NotFoundError("Could not open the file at C:\\Users\\User\\AppData\\Local\\Temp\\rust_mozprofiledG1xZ7\\search.json.mozlz4", (void 0)))
[ERROR glean_core] Error setting metrics feature config: Json(Error("EOF while parsing a value", line: 1, column: 0))
DevTools listening on ws://127.0.0.1:53747/devtools/browser/fd7c0655-28e9-4277-9fb2-04bb6ba59544
JavaScript error: , line 0: NS_ERROR_NOT_AVAILABLE
1683561737108	Marionette	INFO	Stopped listening on port 53755
Dynamically enable window occlusion 1
[Parent 7708, IPC I/O Parent] WARNING: DuplicateHandle failed for handle 0 in TransferHandles: file /builds/worker/checkouts/gecko/ipc/chromium/src/chrome/common/ipc_channel_win.cc:777
ofileZ4VLVp"
console.warn: services.settings: Ignoring preference override of remote settings server
console.warn: services.settings: Allow by setting MOZ_REMOTE_SETTINGS_DEVTOOLS=1 in the environment
1683561221162	Marionette	INFO	Marionette enabled
Dynamically enable window occlusion 0
1683561221183	Marionette	INFO	Listening on port 53808
Read port: 53808
WebDriver BiDi listening on ws://127.0.0.1:53800
1683561221857	RemoteAgent	WARN	TLS certificate errors will be ignored for this session
console.warn: SearchSettings: "get: No settings file exists, new profile?" (new NotFoundError("Could not open the file at C:\\Users\\User\\AppData\\Local\\Temp\\rust_mozprofileZ4VLVp\\search.json.mozlz4", (void 0)))
[ERROR glean_core] Error setting metrics feature config: Json(Error("EOF while parsing a value", line: 1, column: 0))
DevTools listening on ws://127.0.0.1:53800/devtools/browser/80dc5ff2-6c61-4c60-95f1-687835068b69
1683561735820	Marionette	INFO	Stopped listening on port 53808
Dynamically enable window occlusion 1
ng command: "C:\\Users\\User\\AppData\\Local\\Mozilla Firefox\\firefox.exe" "--marionette" "--remote-debugging-port" "53 ... 38" "--remote-allow-hosts" "localhost" "-no-remote" "-profile" "C:\\Users\\User\\AppData\\Local\\Temp\\rust_mozprofilefsUJZL"
console.warn: services.settings: Ignoring preference override of remote settings server
console.warn: services.settings: Allow by setting MOZ_REMOTE_SETTINGS_DEVTOOLS=1 in the environment
1683561275629	Marionette	INFO	Marionette enabled
Dynamically enable window occlusion 0
1683561275662	Marionette	INFO	Listening on port 53846
Read port: 53846
WebDriver BiDi listening on ws://127.0.0.1:53838
1683561276398	RemoteAgent	WARN	TLS certificate errors will be ignored for this session
console.warn: SearchSettings: "get: No settings file exists, new profile?" (new NotFoundError("Could not open the file at C:\\Users\\User\\AppData\\Local\\Temp\\rust_mozprofilefsUJZL\\search.json.mozlz4", (void 0)))
[ERROR glean_core] Error setting metrics feature config: Json(Error("EOF while parsing a value", line: 1, column: 0))
DevTools listening on ws://127.0.0.1:53838/devtools/browser/e816ad41-5e63-4a67-9be0-e7b48e9814a9
1683561734755	Marionette	INFO	Stopped listening on port 53846
Dynamically enable window occlusion 1
ng command: "C:\\Users\\User\\AppData\\Local\\Mozilla Firefox\\firefox.exe" "--marionette" "--remote-debugging-port" "53 ... 76" "--remote-allow-hosts" "localhost" "-no-remote" "-profile" "C:\\Users\\User\\AppData\\Local\\Temp\\rust_mozprofilemDbW9c"
console.warn: services.settings: Ignoring preference override of remote settings server
console.warn: services.settings: Allow by setting MOZ_REMOTE_SETTINGS_DEVTOOLS=1 in the environment
1683561335016	Marionette	INFO	Marionette enabled
Dynamically enable window occlusion 0
1683561335049	Marionette	INFO	Listening on port 53884
Read port: 53884
WebDriver BiDi listening on ws://127.0.0.1:53876
1683561335855	RemoteAgent	WARN	TLS certificate errors will be ignored for this session
console.warn: SearchSettings: "get: No settings file exists, new profile?" (new NotFoundError("Could not open the file at C:\\Users\\User\\AppData\\Local\\Temp\\rust_mozprofilemDbW9c\\search.json.mozlz4", (void 0)))
[ERROR glean_core] Error setting metrics feature config: Json(Error("EOF while parsing a value", line: 1, column: 0))
DevTools listening on ws://127.0.0.1:53876/devtools/browser/36d408d0-d5d1-43fa-9031-b499650dca13
1683561732700	Marionette	INFO	Stopped listening on port 53884
Dynamically enable window occlusion 1
1683561749215	geckodriver	INFO	Listening on 127.0.0.1:54012
1683561752301	mozrunner::runner	INFO	Running command: "C:\\Users\\User\\AppData\\Local\\Mozilla Firefox\\firefox.exe" "--marionette" "--remote-debugging-port" "54 ... 13" "--remote-allow-hosts" "localhost" "-no-remote" "-profile" "C:\\Users\\User\\AppData\\Local\\Temp\\rust_mozprofileL4Vr13"
console.warn: services.settings: Ignoring preference override of remote settings server
console.warn: services.settings: Allow by setting MOZ_REMOTE_SETTINGS_DEVTOOLS=1 in the environment
1683561754481	Marionette	INFO	Marionette enabled
Dynamically enable window occlusion 0
1683561754505	Marionette	INFO	Listening on port 54027
Read port: 54027
WebDriver BiDi listening on ws://127.0.0.1:54013
1683561755358	RemoteAgent	WARN	TLS certificate errors will be ignored for this session
console.warn: SearchSettings: "get: No settings file exists, new profile?" (new NotFoundError("Could not open the file at C:\\Users\\User\\AppData\\Local\\Temp\\rust_mozprofileL4Vr13\\search.json.mozlz4", (void 0)))
[ERROR glean_core] Error setting metrics feature config: Json(Error("EOF while parsing a value", line: 1, column: 0))
DevTools listening on ws://127.0.0.1:54013/devtools/browser/903df8f3-94ea-4620-b14a-b7013735026b
console.error: (new Error("Polling for changes failed: NetworkError: Network request failed.", "resource://services-settings/remote-settings.sys.mjs", 325))
JavaScript error: , line 0: NS_ERROR_NOT_AVAILABLE
1683571966718	Marionette	INFO	Stopped listening on port 54027
Dynamically enable window occlusion 1
ng command: "C:\\Users\\User\\AppData\\Local\\Mozilla Firefox\\firefox.exe" "--marionette" "--remote-debugging-port" "54 ... 48" "--remote-allow-hosts" "localhost" "-no-remote" "-profile" "C:\\Users\\User\\AppData\\Local\\Temp\\rust_mozprofileTgxEST"
console.warn: services.settings: Ignoring preference override of remote settings server
console.warn: services.settings: Allow by setting MOZ_REMOTE_SETTINGS_DEVTOOLS=1 in the environment
1683571032749	Marionette	INFO	Marionette enabled
Dynamically enable window occlusion 0
1683571032780	Marionette	INFO	Listening on port 54457
Read port: 54457
WebDriver BiDi listening on ws://127.0.0.1:54448
1683571033493	RemoteAgent	WARN	TLS certificate errors will be ignored for this session
console.warn: SearchSettings: "get: No settings file exists, new profile?" (new NotFoundError("Could not open the file at C:\\Users\\User\\AppData\\Local\\Temp\\rust_mozprofileTgxEST\\search.json.mozlz4", (void 0)))
[ERROR glean_core] Error setting metrics feature config: Json(Error("EOF while parsing a value", line: 1, column: 0))
DevTools listening on ws://127.0.0.1:54448/devtools/browser/0e4f1ca5-aac3-4ca8-acc6-48f87697c14c
JavaScript error: , line 0: NS_ERROR_NOT_AVAILABLE
1683571968617	Marionette	INFO	Stopped listening on port 54457
Dynamically enable window occlusion 1
ng command: "C:\\Users\\User\\AppData\\Local\\Mozilla Firefox\\firefox.exe" "--marionette" "--remote-debugging-port" "54 ... 51" "--remote-allow-hosts" "localhost" "-no-remote" "-profile" "C:\\Users\\User\\AppData\\Local\\Temp\\rust_mozprofile4qViqy"
console.warn: services.settings: Ignoring preference override of remote settings server
console.warn: services.settings: Allow by setting MOZ_REMOTE_SETTINGS_DEVTOOLS=1 in the environment
1683571920004	Marionette	INFO	Marionette enabled
Dynamically enable window occlusion 0
1683571920044	Marionette	INFO	Listening on port 54659
Read port: 54659
WebDriver BiDi listening on ws://127.0.0.1:54651
1683571920916	RemoteAgent	WARN	TLS certificate errors will be ignored for this session
console.warn: SearchSettings: "get: No settings file exists, new profile?" (new NotFoundError("Could not open the file at C:\\Users\\User\\AppData\\Local\\Temp\\rust_mozprofile4qViqy\\search.json.mozlz4", (void 0)))
[ERROR glean_core] Error setting metrics feature config: Json(Error("EOF while parsing a value", line: 1, column: 0))
DevTools listening on ws://127.0.0.1:54651/devtools/browser/f5e6b83d-cedb-41ee-bffe-04a422586963
JavaScript error: , line 0: NS_ERROR_NOT_AVAILABLE
1683585137649	Marionette	INFO	Stopped listening on port 54659
Dynamically enable window occlusion 1
a Firefox\\firefox.exe" "--marionette" "--remote-debugging-port" "54 ... 24" "--remote-allow-hosts" "localhost" "-no-remote" "-profile" "C:\\Users\\User\\AppData\\Local\\Temp\\rust_mozprofile7TkfGm"
console.warn: services.settings: Ignoring preference override of remote settings server
console.warn: services.settings: Allow by setting MOZ_REMOTE_SETTINGS_DEVTOOLS=1 in the environment
1683572029923	Marionette	INFO	Marionette enabled
Dynamically enable window occlusion 0
1683572029950	Marionette	INFO	Listening on port 54732
Read port: 54732
WebDriver BiDi listening on ws://127.0.0.1:54724
1683572030715	RemoteAgent	WARN	TLS certificate errors will be ignored for this session
console.warn: SearchSettings: "get: No settings file exists, new profile?" (new NotFoundError("Could not open the file at C:\\Users\\User\\AppData\\Local\\Temp\\rust_mozprofile7TkfGm\\search.json.mozlz4", (void 0)))
[ERROR glean_core] Error setting metrics feature config: Json(Error("EOF while parsing a value", line: 1, column: 0))
DevTools listening on ws://127.0.0.1:54724/devtools/browser/7ae59220-e2f9-4fba-8579-0372b1fff4ce
JavaScript error: , line 0: NS_ERROR_NOT_AVAILABLE
console.warn: services.settings: Ignoring preference override of remote settings server
console.warn: services.settings: Allow by setting MOZ_REMOTE_SETTINGS_DEVTOOLS=1 in the environment
console.error: (new TypeError("lazy.AsyncShutdown.profileBeforeChange is undefined", "resource://services-settings/Database.sys.mjs", 599))
console.warn: LoginRecipes: "Falling back to a synchronous message for: https://accounts.google.com."
JavaScript warning: https://accounts.google.com/v3/signin/identifier?dsh=S771785481%3A1683573856902119&continue=https%3A%2F%2Faccounts.google.com%2Fgsi%2Fselect%3Fclient_id%3D216296035834-k1k6qe060s2tp2a2jam4ljdcms00sttg.apps.googleusercontent.com%26origin%3Dhttps%3A%2F%2Fmedium.com%26ux_mode%3Dpopup%26relay_method%3D2%26scaft%3D1%26as%3DDiRsHLqp7MXQeNeC103Aow&faa=1&ifkv=Af_xneFJKTJK9yaKNMLo1xDCRrdUdx31JI12pAU9uOVfLt7b18S3Zr1GQ0c4HdBcymzA3UkciwumhQ&flowName=GlifWebSignIn&flowEntry=ServiceLogin line 205 > injectedScript line 2 > eval line 3377 > eval line 1 > eval line 1 > eval, line 1: WEBGL_debug_renderer_info is deprecated in Firefox and will be removed. Please use RENDERER.
console.warn: LoginRecipes: "Falling back to a synchronous message for: https://accounts.google.com."
console.warn: LoginRecipes: "Falling back to a synchronous message for: https://accounts.google.com."
JavaScript warning: https://accounts.google.com/v3/signin/identifier?dsh=S771785481%3A1683573856902119&continue=https%3A%2F%2Faccounts.google.com%2Fgsi%2Fselect%3Fclient_id%3D216296035834-k1k6qe060s2tp2a2jam4ljdcms00sttg.apps.googleusercontent.com%26origin%3Dhttps%3A%2F%2Fmedium.com%26ux_mode%3Dpopup%26relay_method%3D2%26scaft%3D1%26as%3DDiRsHLqp7MXQeNeC103Aow&faa=1&flowEntry=ServiceLogin&flowName=GlifWebSignIn&ifkv=Af_xneEPFWjGbFXRLo5enOdzZ8IkvdWtdeEp38wscYiyAi1M6LeF04-NwPKyQMclj_nac1YV7dv6Qw line 4 > injectedScript line 2 > eval line 4313 > eval line 1 > eval line 1 > eval, line 1: WEBGL_debug_renderer_info is deprecated in Firefox and will be removed. Please use RENDERER.
console.warn: LoginRecipes: "Falling back to a synchronous message for: https://accounts.google.com."
JavaScript error: , line 0: TypeError: NetworkError when attempting to fetch resource.
JavaScript error: , line 0: TypeError: NetworkError when attempting to fetch resource.
JavaScript error: , line 0: TypeError: NetworkError when attempting to fetch resource.
JavaScript warning: https://player.vimeo.com/video/467834328?api=1&background=1&mute=1&loop=1, line 209: unreachable code after return statement
JavaScript warning: https://player.vimeo.com/video/467834328?api=1&background=1&mute=1&loop=1, line 209: unreachable code after return statement
JavaScript warning: https://player.vimeo.com/video/448735219?api=1&background=1&mute=1&loop=1, line 209: unreachable code after return statement
JavaScript warning: https://player.vimeo.com/video/448735219?api=1&background=1&mute=1&loop=1, line 209: unreachable code after return statement
JavaScript error: , line 0: TypeError: NetworkError when attempting to fetch resource.
JavaScript error: , line 0: TypeError: NetworkError when attempting to fetch resource.
console.warn: LoginRecipes: "Falling back to a synchronous message for: https://accounts.google.com."
JavaScript warning: https://accounts.google.com/v3/signin/identifier?opparams=%253Foperation%253Dlogin&dsh=S1107934190%3A1683574074003135&access_type=online&client_id=216296035834-k1k6qe060s2tp2a2jam4ljdcms00sttg.apps.googleusercontent.com&nonce=3f20df9e64ef85fa115df1fb4343ce00c9aa6606c9f0cffdb1f0d204d30f7a03&o2v=1&redirect_uri=https%3A%2F%2Fmedium.com%2Fm%2Fcallback%2Fgoogle&response_type=id_token+token&scope=email+openid+profile&service=lso&state=google-%7Chttps%3A%2F%2Fmedium.com%2F%3Fsource%3Dlogin--------------------------creator_tools_page_nav_signin-----------%7Clogin&flowName=GeneralOAuthFlow&continue=https%3A%2F%2Faccounts.google.com%2Fsignin%2Foauth%2Fconsent%3Fauthuser%3Dunknown%26part%3DAJi8hAMRKfVmvJ7vvvY4N6PIJ8Ai4NBqHq9ew3YMzop4uCbhitz3HxTxLIdRwyEDin3bIZ2_luqt9AEs9tqH3oDpijlY3LSBer0cnuflKLzWkvJzqQI5umYye5VCKCimiApUDhtQGzdLneOO7D4-Rmt3o1MEwh58r35Kys8JjPaSHy6NcaULGILncRZz7Shbp0iUGEC-8uUwvI9AkQc0wn07EHIM8hFlLIB4Y8aeYpZ-CWTSfE8B8Pes-S8StJmjC82D1wcHDYzb0cQF73OHW1M1oqzy3arCJaKqXX4RiwbaIqk_IC2kkQA3bwqZGDAan7f6E5DF4sl6wxmnvAoRo4m3oNucYzUCBuSa9k31jhlbPuTbSVIhUWXHXFA999d51RK2C_TRMU8cUVqB4OAcc3_58H98aUoHWm-3oja8cDIYlUlHgx8FZkhCtZ_0k-JwigEntYfvQ-q_ZQKdFkexqqY5e3M3R3YiWw%26as%3DS1107934190%253A1683574074003135%26client_id%3D216296035834-k1k6qe060s2tp2a2jam4ljdcms00sttg.apps.googleusercontent.com%23&app_domain=https%3A%2F%2Fmedium.com&rart=ANgoxccAss3oX4M4jhZmPLOHvVroVeBmOcGHmDCrDM5J8m3V8C-Rw8p8anGCAakK_fv_dAvM6OYHFXezC7n9QIUkrIxgNLVkFQ line 4 > injectedScript line 2 > eval line 7109 > eval line 1 > eval line 1 > eval, line 1: WEBGL_debug_renderer_info is deprecated in Firefox and will be removed. Please use RENDERER.
console.warn: LoginRecipes: "Falling back to a synchronous message for: https://accounts.google.com."
console.warn: LoginRecipes: "Falling back to a synchronous message for: https://accounts.google.com."
JavaScript warning: https://www.gstatic.com/_/mss/boq-identity/_/js/k=boq-identity.AccountsSignInUi.ru.aFgcuvmlYKU.es5.O/am=BJzjsIEfhA5U55_xyWEAAAAAAAAAAICFISdA/d=1/excm=_b,_r,_tp,rejectedview/ed=1/dg=0/wt=2/ujg=1/rs=AOaEmlFVx9c4h0Z8Hdecz4EHSgHQyzfhag/m=_b,_tp,_r, line 194: Script terminated by timeout at:
wda@https://www.gstatic.com/_/mss/boq-identity/_/js/k=boq-identity.AccountsSignInUi.ru.aFgcuvmlYKU.es5.O/am=BJzjsIEfhA5U55_xyWEAAAAAAAAAAICFISdA/d=1/excm=_b,_r,_tp,rejectedview/ed=1/dg=0/wt=2/ujg=1/rs=AOaEmlFVx9c4h0Z8Hdecz4EHSgHQyzfhag/m=_b,_tp,_r:194:20
_.ji@https://www.gstatic.com/_/mss/boq-identity/_/js/k=boq-identity.AccountsSignInUi.ru.aFgcuvmlYKU.es5.O/am=BJzjsIEfhA5U55_xyWEAAAAAAAAAAICFISdA/d=1/excm=_b,_r,_tp,rejectedview/ed=1/dg=0/wt=2/ujg=1/rs=AOaEmlFVx9c4h0Z8Hdecz4EHSgHQyzfhag/m=_b,_tp,_r:191:488
wda@https://www.gstatic.com/_/mss/boq-identity/_/js/k=boq-identity.AccountsSignInUi.ru.aFgcuvmlYKU.es5.O/am=BJzjsIEfhA5U55_xyWEAAAAAAAAAAICFISdA/d=1/excm=_b,_r,_tp,rejectedview/ed=1/dg=0/wt=2/ujg=1/rs=AOaEmlFVx9c4h0Z8Hdecz4EHSgHQyzfhag/m=_b,_tp,_r:195:28
_.ji@https://www.gstatic.com/_/mss/boq-identity/_/js/k=boq-identity.AccountsSignInUi.ru.aFgcuvmlYKU.es5.O/am=BJzjsIEfhA5U55_xyWEAAAAAAAAAAICFISdA/d=1/excm=_b,_r,_tp,rejectedview/ed=1/dg=0/wt=2/ujg=1/rs=AOaEmlFVx9c4h0Z8Hdecz4EHSgHQyzfhag/m=_b,_tp,_r:191:488
_.fi.prototype.addCallback@https://www.gstatic.com/_/mss/boq-identity/_/js/k=boq-identity.AccountsSignInUi.ru.aFgcuvmlYKU.es5.O/am=BJzjsIEfhA5U55_xyWEAAAAAAAAAAICFISdA/d=1/excm=_b,_r,_tp,rejectedview/ed=1/dg=0/wt=2/ujg=1/rs=AOaEmlFVx9c4h0Z8Hdecz4EHSgHQyzfhag/m=_b,_tp,_r:191:281
_.h.Bo/<@https://www.gstatic.com/_/mss/boq-identity/_/js/k=boq-identity.AccountsSignInUi.ru.aFgcuvmlYKU.es5.O/ck=boq-identity.AccountsSignInUi.2088d47Xtp0.L.F4.O/am=BJzjsIEfhA5U55_xyWEAAAAAAAAAAICFISdA/d=1/exm=LEikZe,_b,_r,_tp,byfTOb,lsjVmc/excm=_b,_r,_tp,rejectedview/ed=1/wt=2/rs=AOaEmlH0grdxGAyoJvbsOrXKbgLJj3W1Qw/ee=Al0B8:kibjWe;EkYFhd:BDnJmb;EmZ2Bf:zr1jrb;Erl4fe:FloWmf;JsbNhc:Xd8iUd;LBgRLc:XVMNvd;Me32dd:MEeYgc;NPKaK:PVlQOd;NSEoX:lazG7b;Oj465e:KG2eXe;Pjplud:EEDORb;QGR0gd:Mlhmy;SMDL4c:K0PMbc;SNUn3:ZwDk9d;UpnZUd:nnwwYc;a56pNe:JEfCwb;cEt90b:ws9Tlc;dIoSBb:SpsfSb;eBAeSb:zbML3c;fVU0x:E2Xbqf;iFQyKf:vfuNJf;io8t5d:yDVVkb;kMFpHd:OTA3Ae;nAFL3:NTMZac;nTuGK:JKNPM;oGtAuc:sOXFj;oSUNyd:K0PMbc;oXZmbc:tUnxGc;pXdRYb:fqEYIb;qddgKe:xQtZb;sP4Vbe:VwDzFe;uY49fb:COQbmf;ul9GGd:VDovNc;vNjB7d:YTxL4;wR5FRb:siKnQd;yxTchf:KUM7Z/ujg=1/m=n73qwf,SCuOPb,IZT63,vfuNJf,UUJqVe,ws9Tlc,siKnQd,STuCOe,njlZCf,mWLH9d,NOeYWe,O6y8ed,fqEYIb,PrPYRd,MpJwZc,hc6Ubd,tE6FYe,AkfuYc,KUM7Z,oLggrd,inNHtf,L1AAkb,XVMNvd,lwddkf,SpsfSb,tUnxGc,aW3pY,kmSu5b,EFQ78c,xQtZb,I6YDgd,hmHrle,zbML3c,zr1jrb,AD1APd,vHEMJe,YHI3We,YTxL4,MbBXlb,bSspM,UmWJEc,Uas9Hd,zy0vNb,fJpY1b,K0PMbc,AvtSve,qmdT9,xBaz7b,eVCnO,SDMP6,LDQI:84:377
Du.prototype.init/this.aa<@https://www.gstatic.com/_/mss/boq-identity/_/js/k=boq-identity.AccountsSignInUi.ru.aFgcuvmlYKU.es5.O/ck=boq-identity.AccountsSignInUi.2088d47Xtp0.L.F4.O/am=BJzjsIEfhA5U55_xyWEAAAAAAAAAAICFISdA/d=1/exm=LEikZe,_b,_r,_tp,byfTOb,lsjVmc/excm=_b,_r,_tp,rejectedview/ed=1/wt=2/rs=AOaEmlH0grdxGAyoJvbsOrXKbgLJj3W1Qw/ee=Al0B8:kibjWe;EkYFhd:BDnJmb;EmZ2Bf:zr1jrb;Erl4fe:FloWmf;JsbNhc:Xd8iUd;LBgRLc:XVMNvd;Me32dd:MEeYgc;NPKaK:PVlQOd;NSEoX:lazG7b;Oj465e:KG2eXe;Pjplud:EEDORb;QGR0gd:Mlhmy;SMDL4c:K0PMbc;SNUn3:ZwDk9d;UpnZUd:nnwwYc;a56pNe:JEfCwb;cEt90b:ws9Tlc;dIoSBb:SpsfSb;eBAeSb:zbML3c;fVU0x:E2Xbqf;iFQyKf:vfuNJf;io8t5d:yDVVkb;kMFpHd:OTA3Ae;nAFL3:NTMZac;nTuGK:JKNPM;oGtAuc:sOXFj;oSUNyd:K0PMbc;oXZmbc:tUnxGc;pXdRYb:fqEYIb;qddgKe:xQtZb;sP4Vbe:VwDzFe;uY49fb:COQbmf;ul9GGd:VDovNc;vNjB7d:YTxL4;wR5FRb:siKnQd;yxTchf:KUM7Z/ujg=1/m=n73qwf,SCuOPb,IZT63,vfuNJf,UUJqVe,ws9Tlc,siKnQd,STuCOe,njlZCf,mWLH9d,NOeYWe,O6y8ed,fqEYIb,PrPYRd,MpJwZc,hc6Ubd,tE6FYe,AkfuYc,KUM7Z,oLggrd,inNHtf,L1AAkb,XVMNvd,lwddkf,SpsfSb,tUnxGc,aW3pY,kmSu5b,EFQ78c,xQtZb,I6YDgd,hmHrle,zbML3c,zr1jrb,AD1APd,vHEMJe,YHI3We,YTxL4,MbBXlb,bSspM,UmWJEc,Uas9Hd,zy0vNb,fJpY1b,K0PMbc,AvtSve,qmdT9,xBaz7b,eVCnO,SDMP6,LDQI:90:422
Du.prototype.init@https://www.gstatic.com/_/mss/boq-identity/_/js/k=boq-identity.AccountsSignInUi.ru.aFgcuvmlYKU.es5.O/ck=boq-identity.AccountsSignInUi.2088d47Xtp0.L.F4.O/am=BJzjsIEfhA5U55_xyWEAAAAAAAAAAICFISdA/d=1/exm=LEikZe,_b,_r,_tp,byfTOb,lsjVmc/excm=_b,_r,_tp,rejectedview/ed=1/wt=2/rs=AOaEmlH0grdxGAyoJvbsOrXKbgLJj3W1Qw/ee=Al0B8:kibjWe;EkYFhd:BDnJmb;EmZ2Bf:zr1jrb;Erl4fe:FloWmf;JsbNhc:Xd8iUd;LBgRLc:XVMNvd;Me32dd:MEeYgc;NPKaK:PVlQOd;NSEoX:lazG7b;Oj465e:KG2eXe;Pjplud:EEDORb;QGR0gd:Mlhmy;SMDL4c:K0PMbc;SNUn3:ZwDk9d;UpnZUd:nnwwYc;a56pNe:JEfCwb;cEt90b:ws9Tlc;dIoSBb:SpsfSb;eBAeSb:zbML3c;fVU0x:E2Xbqf;iFQyKf:vfuNJf;io8t5d:yDVVkb;kMFpHd:OTA3Ae;nAFL3:NTMZac;nTuGK:JKNPM;oGtAuc:sOXFj;oSUNyd:K0PMbc;oXZmbc:tUnxGc;pXdRYb:fqEYIb;qddgKe:xQtZb;sP4Vbe:VwDzFe;uY49fb:COQbmf;ul9GGd:VDovNc;vNjB7d:YTxL4;wR5FRb:siKnQd;yxTchf:KUM7Z/ujg=1/m=n73qwf,SCuOPb,IZT63,vfuNJf,UUJqVe,ws9Tlc,siKnQd,STuCOe,njlZCf,mWLH9d,NOeYWe,O6y8ed,fqEYIb,PrPYRd,MpJwZc,hc6Ubd,tE6FYe,AkfuYc,KUM7Z,oLggrd,inNHtf,L1AAkb,XVMNvd,lwddkf,SpsfSb,tUnxGc,aW3pY,kmSu5b,EFQ78c,xQtZb,I6YDgd,hmHrle,zbML3c,zr1jrb,AD1APd,vHEMJe,YHI3We,YTxL4,MbBXlb,bSspM,UmWJEc,Uas9Hd,zy0vNb,fJpY1b,K0PMbc,AvtSve,qmdT9,xBaz7b,eVCnO,SDMP6,LDQI:90:399
_.$e@https://www.gstatic.com/_/mss/boq-identity/_/js/k=boq-identity.AccountsSignInUi.ru.aFgcuvmlYKU.es5.O/am=BJzjsIEfhA5U55_xyWEAAAAAAAAAAICFISdA/d=1/excm=_b,_r,_tp,rejectedview/ed=1/dg=0/wt=2/ujg=1/rs=AOaEmlFVx9c4h0Z8Hdecz4EHSgHQyzfhag/m=_b,_tp,_r:96:271
_.cf@https://www.gstatic.com/_/mss/boq-identity/_/js/k=boq-identity.AccountsSignInUi.ru.aFgcuvmlYKU.es5.O/am=BJzjsIEfhA5U55_xyWEAAAAAAAAAAICFISdA/d=1/excm=_b,_r,_tp,rejectedview/ed=1/dg=0/wt=2/ujg=1/rs=AOaEmlFVx9c4h0Z8Hdecz4EHSgHQyzfhag/m=_b,_tp,_r:96:320
gia/<@https://www.gstatic.com/_/mss/boq-identity/_/js/k=boq-identity.AccountsSignInUi.ru.aFgcuvmlYKU.es5.O/am=BJzjsIEfhA5U55_xyWEAAAAAAAAAAICFISdA/d=1/excm=_b,_r,_tp,rejectedview/ed=1/dg=0/wt=2/ujg=1/rs=AOaEmlFVx9c4h0Z8Hdecz4EHSgHQyzfhag/m=_b,_tp,_r:348:67
wda@https://www.gstatic.com/_/mss/boq-identity/_/js/k=boq-identity.AccountsSignInUi.ru.aFgcuvmlYKU.es5.O/am=BJzjsIEfhA5U55_xyWEAAAAAAAAAAICFISdA/d=1/excm=_b,_r,_tp,rejectedview/ed=1/dg=0/wt=2/ujg=1/rs=AOaEmlFVx9c4h0Z8Hdecz4EHSgHQyzfhag/m=_b,_tp,_r:194:247
_.ji@https://www.gstatic.com/_/mss/boq-identity/_/js/k=boq-identity.AccountsSignInUi.ru.aFgcuvmlYKU.es5.O/am=BJzjsIEfhA5U55_xyWEAAAAAAAAAAICFISdA/d=1/excm=_b,_r,_tp,rejectedview/ed=1/dg=0/wt=2/ujg=1/rs=AOaEmlFVx9c4h0Z8Hdecz4EHSgHQyzfhag/m=_b,_tp,_r:191:488
_.fi.prototype.addCallback@https://www.gstatic.com/_/mss/boq-identity/_/js/k=boq-identity.AccountsSignInUi.ru.aFgcuvmlYKU.es5.O/am=BJzjsIEfhA5U55_xyWEAAAAAAAAAAICFISdA/d=1/excm=_b,_r,_tp,rejectedview/ed=1/dg=0/wt=2/ujg=1/rs=AOaEmlFVx9c4h0Z8Hdecz4EHSgHQyzfhag/m=_b,_tp,_r:191:281
gia@https://www.gstatic.com/_/mss/boq-identity/_/js/k=boq-identity.AccountsSignInUi.ru.aFgcuvmlYKU.es5.O/am=BJzjsIEfhA5U55_xyWEAAAAAAAAAAICFISdA/d=1/excm=_b,_r,_tp,rejectedview/ed=1/dg=0/wt=2/ujg=1/rs=AOaEmlFVx9c4h0Z8Hdecz4EHSgHQyzfhag/m=_b,_tp,_r:348:35
hia@https://www.gstatic.com/_/mss/boq-identity/_/js/k=boq-identity.AccountsSignInUi.ru.aFgcuvmlYKU.es5.O/am=BJzjsIEfhA5U55_xyWEAAAAAAAAAAICFISdA/d=1/excm=_b,_r,_tp,rejectedview/ed=1/dg=0/wt=2/ujg=1/rs=AOaEmlFVx9c4h0Z8Hdecz4EHSgHQyzfhag/m=_b,_tp,_r:347:250
eia/<@https://www.gstatic.com/_/mss/boq-identity/_/js/k=boq-identity.AccountsSignInUi.ru.aFgcuvmlYKU.es5.O/am=BJzjsIEfhA5U55_xyWEAAAAAAAAAAICFISdA/d=1/excm=_b,_r,_tp,rejectedview/ed=1/dg=0/wt=2/ujg=1/rs=AOaEmlFVx9c4h0Z8Hdecz4EHSgHQyzfhag/m=_b,_tp,_r:347:455
wda@https://www.gstatic.com/_/mss/boq-identity/_/js/k=boq-identity.AccountsSignInUi.ru.aFgcuvmlYKU.es5.O/am=BJzjsIEfhA5U55_xyWEAAAAAAAAAAICFISdA/d=1/excm=_b,_r,_tp,rejectedview/ed=1/dg=0/wt=2/ujg=1/rs=AOaEmlFVx9c4h0Z8Hdecz4EHSgHQyzfhag/m=_b,_tp,_r:194:247
hi@https://www.gstatic.com/_/mss/boq-identity/_/js/k=boq-identity.AccountsSignInUi.ru.aFgcuvmlYKU.es5.O/am=BJzjsIEfhA5U55_xyWEAAAAAAAAAAICFISdA/d=1/excm=_b,_r,_tp,rejectedview/ed=1/dg=0/wt=2/ujg=1/rs=AOaEmlFVx9c4h0Z8Hdecz4EHSgHQyzfhag/m=_b,_tp,_r:191:50
_.fi.prototype.callback@https://www.gstatic.com/_/mss/boq-identity/_/js/k=boq-identity.AccountsSignInUi.ru.aFgcuvmlYKU.es5.O/am=BJzjsIEfhA5U55_xyWEAAAAAAAAAAICFISdA/d=1/excm=_b,_r,_tp,rejectedview/ed=1/dg=0/wt=2/ujg=1/rs=AOaEmlFVx9c4h0Z8Hdecz4EHSgHQyzfhag/m=_b,_tp,_r:191:163
wda@https://www.gstatic.com/_/mss/boq-identity/_/js/k=boq-identity.AccountsSignInUi.ru.aFgcuvmlYKU.es5.O/am=BJzjsIEfhA5U55_xyWEAAAAAAAAAAICFISdA/d=1/excm=_b,_r,_tp,rejectedview/ed=1/dg=0/wt=2/ujg=1/rs=AOaEmlFVx9c4h0Z8Hdecz4EHSgHQyzfhag/m=_b,_tp,_r:194:247
hi@https://www.gstatic.com/_/mss/boq-identity/_/js/k=boq-identity.AccountsSignInUi.ru.aFgcuvmlYKU.es5.O/am=BJzjsIEfhA5U55_xyWEAAAAAAAAAAICFISdA/d=1/excm=_b,_r,_tp,rejectedview/ed=1/dg=0/wt=2/ujg=1/rs=AOaEmlFVx9c4h0Z8Hdecz4EHSgHQyzfhag/m=_b,_tp,_r:191:50
_.fi.prototype.callback@https://www.gstatic.com/_/mss/boq-identity/_/js/k=boq-identity.AccountsSignInUi.ru.aFgcuvmlYKU.es5.O/am=BJzjsIEfhA5U55_xyWEAAAAAAAAAAICFISdA/d=1/excm=_b,_r,_tp,rejectedview/ed=1/dg=0/wt=2/ujg=1/rs=AOaEmlFVx9c4h0Z8Hdecz4EHSgHQyzfhag/m=_b,_tp,_r:191:163
_.mf.prototype.Qf/g/<@https://www.gstatic.com/_/mss/boq-identity/_/js/k=boq-identity.AccountsSignInUi.ru.aFgcuvmlYKU.es5.O/am=BJzjsIEfhA5U55_xyWEAAAAAAAAAAICFISdA/d=1/excm=_b,_r,_tp,rejectedview/ed=1/dg=0/wt=2/ujg=1/rs=AOaEmlFVx9c4h0Z8Hdecz4EHSgHQyzfhag/m=_b,_tp,_r:343:3
wda@https://www.gstatic.com/_/mss/boq-identity/_/js/k=boq-identity.AccountsSignInUi.ru.aFgcuvmlYKU.es5.O/am=BJzjsIEfhA5U55_xyWEAAAAAAAAAAICFISdA/d=1/excm=_b,_r,_tp,rejectedview/ed=1/dg=0/wt=2/ujg=1/rs=AOaEmlFVx9c4h0Z8Hdecz4EHSgHQyzfhag/m=_b,_tp,_r:194:247
hi@https://www.gstatic.com/_/mss/boq-identity/_/js/k=boq-identity.AccountsSignInUi.ru.aFgcuvmlYKU.es5.O/am=BJzjsIEfhA5U55_xyWEAAAAAAAAAAICFISdA/d=1/excm=_b,_r,_tp,rejectedview/ed=1/dg=0/wt=2/ujg=1/rs=AOaEmlFVx9c4h0Z8Hdecz4EHSgHQyzfhag/m=_b,_tp,_r:191:50
_.fi.prototype.Na@https://www.gstatic.com/_/mss/boq-identity/_/js/k=boq-identity.AccountsSignInUi.ru.aFgcuvmlYKU.es5.O/am=BJzjsIEfhA5U55_xyWEAAAAAAAAAAICFISdA/d=1/excm=_b,_r,_tp,rejectedview/ed=1/dg=0/wt=2/ujg=1/rs=AOaEmlFVx9c4h0Z8Hdecz4EHSgHQyzfhag/m=_b,_tp,_r:190:492
wda@https://www.gstatic.com/_/mss/boq-identity/_/js/k=boq-identity.AccountsSignInUi.ru.aFgcuvmlYKU.es5.O/am=BJzjsIEfhA5U55_xyWEAAAAAAAAAAICFISdA/d=1/excm=_b,_r,_tp,rejectedview/ed=1/dg=0/wt=2/ujg=1/rs=AOaEmlFVx9c4h0Z8Hdecz4EHSgHQyzfhag/m=_b,_tp,_r:194:247
hi@https://www.gstatic.com/_/mss/boq-identity/_/js/k=boq-identity.AccountsSignInUi.ru.aFgcuvmlYKU.es5.O/am=BJzjsIEfhA5U55_xyWEAAAAAAAAAAICFISdA/d=1/excm=_b,_r,_tp,rejectedview/ed=1/dg=0/wt=2/ujg=1/rs=AOaEmlFVx9c4h0Z8Hdecz4EHSgHQyzfhag/m=_b,_tp,_r:191:50
_.fi.prototype.Na@https://www.gstatic.com/_/mss/boq-identity/_/js/k=boq-identity.AccountsSignInUi.ru.aFgcuvmlYKU.es5.O/am=BJzjsIEfhA5U55_xyWEAAAAAAAAAAICFISdA/d=1/excm=_b,_r,_tp,rejectedview/ed=1/dg=0/wt=2/ujg=1/rs=AOaEmlFVx9c4h0Z8Hdecz4EHSgHQyzfhag/m=_b,_tp,_r:190:492
wda@https://www.gstatic.com/_/mss/boq-identity/_/js/k=boq-identity.AccountsSignInUi.ru.aFgcuvmlYKU.es5.O/am=BJzjsIEfhA5U55_xyWEAAAAAAAAAAICFISdA/d=1/excm=_b,_r,_tp,rejectedview/ed=1/dg=0/wt=2/ujg=1/rs=AOaEmlFVx9c4h0Z8Hdecz4EHSgHQyzfhag/m=_b,_tp,_r:194:247
_.ji@https://www.gstatic.com/_/mss/boq-identity/_/js/k=boq-identity.AccountsSignInUi.ru.aFgcuvmlYKU.es5.O/am=BJzjsIEfhA5U55_xyWEAAAAAAAAAAICFISdA/d=1/excm=_b,_r,_tp,rejectedview/ed=1/dg=0/wt=2/ujg=1/rs=AOaEmlFVx9c4h0Z8Hdecz4EHSgHQyzfhag/m=_b,_tp,_r:191:488
wda@https://www.gstatic.com/_/mss/boq-identity/_/js/k=boq-identity.AccountsSignInUi.ru.aFgcuvmlYKU.es5.O/am=BJzjsIEfhA5U55_xyWEAAAAAAAAAAICFISdA/d=1/excm=_b,_r,_tp,rejectedview/ed=1/dg=0/wt=2/ujg=1/rs=AOaEmlFVx9c4h0Z8Hdecz4EHSgHQyzfhag/m=_b,_tp,_r:195:28
hi@https://www.gstatic.com/_/mss/boq-identity/_/js/k=boq-identity.AccountsSignInUi.ru.aFgcuvmlYKU.es5.O/am=BJzjsIEfhA5U55_xyWEAAAAAAAAAAICFISdA/d=1/excm=_b,_r,_tp,rejectedview/ed=1/dg=0/wt=2/ujg=1/rs=AOaEmlFVx9c4h0Z8Hdecz4EHSgHQyzfhag/m=_b,_tp,_r:191:50
_.fi.prototype.callback@https://www.gstatic.com/_/mss/boq-identity/_/js/k=boq-identity.AccountsSignInUi.ru.aFgcuvmlYKU.es5.O/am=BJzjsIEfhA5U55_xyWEAAAAAAAAAAICFISdA/d=1/excm=_b,_r,_tp,rejectedview/ed=1/dg=0/wt=2/ujg=1/rs=AOaEmlFVx9c4h0Z8Hdecz4EHSgHQyzfhag/m=_b,_tp,_r:191:163
_.af.prototype.Kb@https://www.gstatic.com/_/mss/boq-identity/_/js/k=boq-identity.AccountsSignInUi.ru.aFgcuvmlYKU.es5.O/am=BJzjsIEfhA5U55_xyWEAAAAAAAAAAICFISdA/d=1/excm=_b,_r,_tp,rejectedview/ed=1/dg=0/wt=2/ujg=1/rs=AOaEmlFVx9c4h0Z8Hdecz4EHSgHQyzfhag/m=_b,_tp,_r:248:753
wda@https://www.gstatic.com/_/mss/boq-identity/_/js/k=boq-identity.AccountsSignInUi.ru.aFgcuvmlYKU.es5.O/am=BJzjsIEfhA5U55_xyWEAAAAAAAAAAICFISdA/d=1/excm=_b,_r,_tp,rejectedview/ed=1/dg=0/wt=2/ujg=1/rs=AOaEmlFVx9c4h0Z8Hdecz4EHSgHQyzfhag/m=_b,_tp,_r:194:247
hi@https://www.gstatic.com/_/mss/boq-identity/_/js/k=boq-identity.AccountsSignInUi.ru.aFgcuvmlYKU.es5.O/am=BJzjsIEfhA5U55_xyWEAAAAAAAAAAICFISdA/d=1/excm=_b,_r,_tp,rejectedview/ed=1/dg=0/wt=2/ujg=1/rs=AOaEmlFVx9c4h0Z8Hdecz4EHSgHQyzfhag/m=_b,_tp,_r:191:50
_.fi.prototype.callback@https://www.gstatic.com/_/mss/boq-identity/_/js/k=boq-identity.AccountsSignInUi.ru.aFgcuvmlYKU.es5.O/am=BJzjsIEfhA5U55_xyWEAAAAAAAAAAICFISdA/d=1/excm=_b,_r,_tp,rejectedview/ed=1/dg=0/wt=2/ujg=1/rs=AOaEmlFVx9c4h0Z8Hdecz4EHSgHQyzfhag/m=_b,_tp,_r:191:163
_.af.prototype.Kb@https://www.gstatic.com/_/mss/boq-identity/_/js/k=boq-identity.AccountsSignInUi.ru.aFgcuvmlYKU.es5.O/am=BJzjsIEfhA5U55_xyWEAAAAAAAAAAICFISdA/d=1/excm=_b,_r,_tp,rejectedview/ed=1/dg=0/wt=2/ujg=1/rs=AOaEmlFVx9c4h0Z8Hdecz4EHSgHQyzfhag/m=_b,_tp,_r:248:753
wda@https://www.gstatic.com/_/mss/boq-identity/_/js/k=boq-identity.AccountsSignInUi.ru.aFgcuvmlYKU.es5.O/am=BJzjsIEfhA5U55_xyWEAAAAAAAAAAICFISdA/d=1/excm=_b,_r,_tp,rejectedview/ed=1/dg=0/wt=2/ujg=1/rs=AOaEmlFVx9c4h0Z8Hdecz4EHSgHQyzfhag/m=_b,_tp,_r:194:247
hi@https://www.gstatic.com/_/mss/boq-identity/_/js/k=boq-identity.AccountsSignInUi.ru.aFgcuvmlYKU.es5.O/am=BJzjsIEfhA5U55_xyWEAAAAAAAAAAICFISdA/d=1/excm=_b,_r,_tp,rejectedview/ed=1/dg=0/wt=2/ujg=1/rs=AOaEmlFVx9c4h0Z8Hdecz4EHSgHQyzfhag/m=_b,_tp,_r:191:50
_.fi.prototype.callback@https://www.gstatic.com/_/mss/boq-identity/_/js/k=boq-identity.AccountsSignInUi.ru.aFgcuvmlYKU.es5.O/am=BJzjsIEfhA5U55_xyWEAAAAAAAAAAICFISdA/d=1/excm=_b,_r,_tp,rejectedview/ed=1/dg=0/wt=2/ujg=1/rs=AOaEmlFVx9c4h0Z8Hdecz4EHSgHQyzfhag/m=_b,_tp,_r:191:163
wda@https://www.gstatic.com/_/mss/boq-identity/_/js/k=boq-identity.AccountsSignInUi.ru.aFgcuvmlYKU.es5.O/am=BJzjsIEfhA5U55_xyWEAAAAAAAAAAICFISdA/d=1/excm=_b,_r,_tp,rejectedview/ed=1/dg=0/wt=2/ujg=1/rs=AOaEmlFVx9c4h0Z8Hdecz4EHSgHQyzfhag/m=_b,_tp,_r:194:247
hi@https://www.gstatic.com/_/mss/boq-identity/_/js/k=boq-identity.AccountsSignInUi.ru.aFgcuvmlYKU.es5.O/am=BJzjsIEfhA5U55_xyWEAAAAAAAAAAICFISdA/d=1/excm=_b,_r,_tp,rejectedview/ed=1/dg=0/wt=2/ujg=1/rs=AOaEmlFVx9c4h0Z8Hdecz4EHSgHQyzfhag/m=_b,_tp,_r:191:50
_.fi.prototype.callback@https://www.gstatic.com/_/mss/boq-identity/_/js/k=boq-identity.AccountsSignInUi.ru.aFgcuvmlYKU.es5.O/am=BJzjsIEfhA5U55_xyWEAAAAAAAAAAICFISdA/d=1/excm=_b,_r,_tp,rejectedview/ed=1/dg=0/wt=2/ujg=1/rs=AOaEmlFVx9c4h0Z8Hdecz4EHSgHQyzfhag/m=_b,_tp,_r:191:163
_.mf.prototype.Qf/g/<@https://www.gstatic.com/_/mss/boq-identity/_/js/k=boq-identity.AccountsSignInUi.ru.aFgcuvmlYKU.es5.O/am=BJzjsIEfhA5U55_xyWEAAAAAAAAAAICFISdA/d=1/excm=_b,_r,_tp,rejectedview/ed=1/dg=0/wt=2/ujg=1/rs=AOaEmlFVx9c4h0Z8Hdecz4EHSgHQyzfhag/m=_b,_tp,_r:343:3
wda@https://www.gstatic.com/_/mss/boq-identity/_/js/k=boq-identity.AccountsSignInUi.ru.aFgcuvmlYKU.es5.O/am=BJzjsIEfhA5U55_xyWEAAAAAAAAAAICFISdA/d=1/excm=_b,_r,_tp,rejectedview/ed=1/dg=0/wt=2/ujg=1/rs=AOaEmlFVx9c4h0Z8Hdecz4EHSgHQyzfhag/m=_b,_tp,_r:194:247
hi@https://www.gstatic.com/_/mss/boq-identity/_/js/k=boq-identity.AccountsSignInUi.ru.aFgcuvmlYKU.es5.O/am=BJzjsIEfhA5U55_xyWEAAAAAAAAAAICFISdA/d=1/excm=_b,_r,_tp,rejectedview/ed=1/dg=0/wt=2/ujg=1/rs=AOaEmlFVx9c4h0Z8Hdecz4EHSgHQyzfhag/m=_b,_tp,_r:191:50
_.fi.prototype.Na@https://www.gstatic.com/_/mss/boq-identity/_/js/k=boq-identity.AccountsSignInUi.ru.aFgcuvmlYKU.es5.O/am=BJzjsIEfhA5U55_xyWEAAAAAAAAAAICFISdA/d=1/excm=_b,_r,_tp,rejectedview/ed=1/dg=0/wt=2/ujg=1/rs=AOaEmlFVx9c4h0Z8Hdecz4EHSgHQyzfhag/m=_b,_tp,_r:190:492
wda@https://www.gstatic.com/_/mss/boq-identity/_/js/k=boq-identity.AccountsSignInUi.ru.aFgcuvmlYKU.es5.O/am=BJzjsIEfhA5U55_xyWEAAAAAAAAAAICFISdA/d=1/excm=_b,_r,_tp,rejectedview/ed=1/dg=0/wt=2/ujg=1/rs=AOaEmlFVx9c4h0Z8Hdecz4EHSgHQyzfhag/m=_b,_tp,_r:194:247
_.ji@https://www.gstatic.com/_/mss/boq-identity/_/js/k=boq-identity.AccountsSignInUi.ru.aFgcuvmlYKU.es5.O/am=BJzjsIEfhA5U55_xyWEAAAAAAAAAAICFISdA/d=1/excm=_b,_r,_tp,rejectedview/ed=1/dg=0/wt=2/ujg=1/rs=AOaEmlFVx9c4h0Z8Hdecz4EHSgHQyzfhag/m=_b,_tp,_r:191:488
wda@https://www.gstatic.com/_/mss/boq-identity/_/js/k=boq-identity.AccountsSignInUi.ru.aFgcuvmlYKU.es5.O/am=BJzjsIEfhA5U55_xyWEAAAAAAAAAAICFISdA/d=1/excm=_b,_r,_tp,rejectedview/ed=1/dg=0/wt=2/ujg=1/rs=AOaEmlFVx9c4h0Z8Hdecz4EHSgHQyzfhag/m=_b,_tp,_r:195:28
hi@https://www.gstatic.com/_/mss/boq-identity/_/js/k=boq-identity.AccountsSignInUi.ru.aFgcuvmlYKU.es5.O/am=BJzjsIEfhA5U55_xyWEAAAAAAAAAAICFISdA/d=1/excm=_b,_r,_tp,rejectedview/ed=1/dg=0/wt=2/ujg=1/rs=AOaEmlFVx9c4h0Z8Hdecz4EHSgHQyzfhag/m=_b,_tp,_r:191:50
_.fi.prototype.callback@https://www.gstatic.com/_/mss/boq-identity/_/js/k=boq-identity.AccountsSignInUi.ru.aFgcuvmlYKU.es5.O/am=BJzjsIEfhA5U55_xyWEAAAAAAAAAAICFISdA/d=1/excm=_b,_r,_tp,rejectedview/ed=1/dg=0/wt=2/ujg=1/rs=AOaEmlFVx9c4h0Z8Hdecz4EHSgHQyzfhag/m=_b,_tp,_r:191:163
_.af.prototype.Kb@https://www.gstatic.com/_/mss/boq-identity/_/js/k=boq-identity.AccountsSignInUi.ru.aFgcuvmlYKU.es5.O/am=BJzjsIEfhA5U55_xyWEAAAAAAAAAAICFISdA/d=1/excm=_b,_r,_tp,rejectedview/ed=1/dg=0/wt=2/ujg=1/rs=AOaEmlFVx9c4h0Z8Hdecz4EHSgHQyzfhag/m=_b,_tp,_r:248:753
wda@https://www.gstatic.com/_/mss/boq-identity/_/js/k=boq-identity.AccountsSignInUi.ru.aFgcuvmlYKU.es5.O/am=BJzjsIEfhA5U55_xyWEAAAAAAAAAAICFISdA/d=1/excm=_b,_r,_tp,rejectedview/ed=1/dg=0/wt=2/ujg=1/rs=AOaEmlFVx9c4h0Z8Hdecz4EHSgHQyzfhag/m=_b,_tp,_r:194:247
hi@https://www.gstatic.com/_/mss/boq-identity/_/js/k=boq-identity.AccountsSignInUi.ru.aFgcuvmlYKU.es5.O/am=BJzjsIEfhA5U55_xyWEAAAAAAAAAAICFISdA/d=1/excm=_b,_r,_tp,rejectedview/ed=1/dg=0/wt=2/ujg=1/rs=AOaEmlFVx9c4h0Z8Hdecz4EHSgHQyzfhag/m=_b,_tp,_r:191:50
_.fi.prototype.callback@https://www.gstatic.com/_/mss/boq-identity/_/js/k=boq-identity.AccountsSignInUi.ru.aFgcuvmlYKU.es5.O/am=BJzjsIEfhA5U55_xyWEAAAAAAAAAAICFISdA/d=1/excm=_b,_r,_tp,rejectedview/ed=1/dg=0/wt=2/ujg=1/rs=AOaEmlFVx9c4h0Z8Hdecz4EHSgHQyzfhag/m=_b,_tp,_r:191:163
_.af.prototype.Kb@https://www.gstatic.com/_/mss/boq-identity/_/js/k=boq-identity.AccountsSignInUi.ru.aFgcuvmlYKU.es5.O/am=BJzjsIEfhA5U55_xyWEAAAAAAAAAAICFISdA/d=1/excm=_b,_r,_tp,rejectedview/ed=1/dg=0/wt=2/ujg=1/rs=AOaEmlFVx9c4h0Z8Hdecz4EHSgHQyzfhag/m=_b,_tp,_r:248:753
wda@https://www.gstatic.com/_/mss/boq-identity/_/js/k=boq-identity.AccountsSignInUi.ru.aFgcuvmlYKU.es5.O/am=BJzjsIEfhA5U55_xyWEAAAAAAAAAAICFISdA/d=1/excm=_b,_r,_tp,rejectedview/ed=1/dg=0/wt=2/ujg=1/rs=AOaEmlFVx9c4h0Z8Hdecz4EHSgHQyzfhag/m=_b,_tp,_r:194:247
hi@https://www.gstatic.com/_/mss/boq-identity/_/js/k=boq-identity.AccountsSignInUi.ru.aFgcuvmlYKU.es5.O/am=BJzjsIEfhA5U55_xyWEAAAAAAAAAAICFISdA/d=1/excm=_b,_r,_tp,rejectedview/ed=1/dg=0/wt=2/ujg=1/rs=AOaEmlFVx9c4h0Z8Hdecz4EHSgHQyzfhag/m=_b,_tp,_r:191:50
_.fi.prototype.callback@https://www.gstatic.com/_/mss/boq-identity/_/js/k=boq-identity.AccountsSignInUi.ru.aFgcuvmlYKU.es5.O/am=BJzjsIEfhA5U55_xyWEAAAAAAAAAAICFISdA/d=1/excm=_b,_r,_tp,rejectedview/ed=1/dg=0/wt=2/ujg=1/rs=AOaEmlFVx9c4h0Z8Hdecz4EHSgHQyzfhag/m=_b,_tp,_r:191:163
wda@https://www.gstatic.com/_/mss/boq-identity/_/js/k=boq-identity.AccountsSignInUi.ru.aFgcuvmlYKU.es5.O/am=BJzjsIEfhA5U55_xyWEAAAAAAAAAAICFISdA/d=1/excm=_b,_r,_tp,rejectedview/ed=1/dg=0/wt=2/ujg=1/rs=AOaEmlFVx9c4h0Z8Hdecz4EHSgHQyzfhag/m=_b,_tp,_r:194:247
hi@https://www.gstatic.com/_/mss/boq-identity/_/js/k=boq-identity.AccountsSignInUi.ru.aFgcuvmlYKU.es5.O/am=BJzjsIEfhA5U55_xyWEAAAAAAAAAAICFISdA/d=1/excm=_b,_r,_tp,rejectedview/ed=1/dg=0/wt=2/ujg=1/rs=AOaEmlFVx9c4h0Z8Hdecz4EHSgHQyzfhag/m=_b,_tp,_r:191:50
_.fi.prototype.callback@https://www.gstatic.com/_/mss/boq-identity/_/js/k=boq-identity.AccountsSignInUi.ru.aFgcuvmlYKU.es5.O/am=BJzjsIEfhA5U55_xyWEAAAAAAAAAAICFISdA/d=1/excm=_b,_r,_tp,rejectedview/ed=1/dg=0/wt=2/ujg=1/rs=AOaEmlFVx9c4h0Z8Hdecz4EHSgHQyzfhag/m=_b,_tp,_r:191:163
_.mf.prototype.Qf/g/<@https://www.gstatic.com/_/mss/boq-identity/_/js/k=boq-identity.AccountsSignInUi.ru.aFgcuvmlYKU.es5.O/am=BJzjsIEfhA5U55_xyWEAAAAAAAAAAICFISdA/d=1/excm=_b,_r,_tp,rejectedview/ed=1/dg=0/wt=2/ujg=1/rs=AOaEmlFVx9c4h0Z8Hdecz4EHSgHQyzfhag/m=_b,_tp,_r:343:3
wda@https://www.gstatic.com/_/mss/boq-identity/_/js/k=boq-identity.AccountsSignInUi.ru.aFgcuvmlYKU.es5.O/am=BJzjsIEfhA5U55_xyWEAAAAAAAAAAICFISdA/d=1/excm=_b,_r,_tp,rejectedview/ed=1/dg=0/wt=2/ujg=1/rs=AOaEmlFVx9c4h0Z8Hdecz4EHSgHQyzfhag/m=_b,_tp,_r:194:247
_.ji@https://www.gstatic.com/_/mss/boq-identity/_/js/k=boq-identity.AccountsSignInUi.ru.aFgcuvmlYKU.es5.O/am=BJzjsIEfhA5U55_xyWEAAAAAAAAAAICFISdA/d=1/excm=_b,_r,_tp,rejectedview/ed=1/dg=0/wt=2/ujg=1/rs=AOaEmlFVx9c4h0Z8Hdecz4EHSgHQyzfhag/m=_b,_tp,_r:191:488
_.fi.prototype.addCallback@https://www.gstatic.com/_/mss/boq-identity/_/js/k=boq-identity.AccountsSignInUi.ru.aFgcuvmlYKU.es5.O/am=BJzjsIEfhA5U55_xyWEAAAAAAAAAAICFISdA/d=1/excm=_b,_r,_tp,rejectedview/ed=1/dg=0/wt=2/ujg=1/rs=AOaEmlFVx9c4h0Z8Hdecz4EHSgHQyzfhag/m=_b,_tp,_r:191:281
g@https://www.gstatic.com/_/mss/boq-identity/_/js/k=boq-identity.AccountsSignInUi.ru.aFgcuvmlYKU.es5.O/am=BJzjsIEfhA5U55_xyWEAAAAAAAAAAICFISdA/d=1/excm=_b,_r,_tp,rejectedview/ed=1/dg=0/wt=2/ujg=1/rs=AOaEmlFVx9c4h0Z8Hdecz4EHSgHQyzfhag/m=_b,_tp,_r:342:469
_.mf.prototype.Qf/<@https://www.gstatic.com/_/mss/boq-identity/_/js/k=boq-identity.AccountsSignInUi.ru.aFgcuvmlYKU.es5.O/am=BJzjsIEfhA5U55_xyWEAAAAAAAAAAICFISdA/d=1/excm=_b,_r,_tp,rejectedview/ed=1/dg=0/wt=2/ujg=1/rs=AOaEmlFVx9c4h0Z8Hdecz4EHSgHQyzfhag/m=_b,_tp,_r:343:119
wda@https://www.gstatic.com/_/mss/boq-identity/_/js/k=boq-identity.AccountsSignInUi.ru.aFgcuvmlYKU.es5.O/am=BJzjsIEfhA5U55_xyWEAAAAAAAAAAICFISdA/d=1/excm=_b,_r,_tp,rejectedview/ed=1/dg=0/wt=2/ujg=1/rs=AOaEmlFVx9c4h0Z8Hdecz4EHSgHQyzfhag/m=_b,_tp,_r:194:247
hi@https://www.gstatic.com/_/mss/boq-identity/_/js/k=boq-identity.AccountsSignInUi.ru.aFgcuvmlYKU.es5.O/am=BJzjsIEfhA5U55_xyWEAAAAAAAAAAICFISdA/d=1/excm=_b,_r,_tp,rejectedview/ed=1/dg=0/wt=2/ujg=1/rs=AOaEmlFVx9c4h0Z8Hdecz4EHSgHQyzfhag/m=_b,_tp,_r:191:50
_.fi.prototype.callback@https://www.gstatic.com/_/mss/boq-identity/_/js/k=boq-identity.AccountsSignInUi.ru.aFgcuvmlYKU.es5.O/am=BJzjsIEfhA5U55_xyWEAAAAAAAAAAICFISdA/d=1/excm=_b,_r,_tp,rejectedview/ed=1/dg=0/wt=2/ujg=1/rs=AOaEmlFVx9c4h0Z8Hdecz4EHSgHQyzfhag/m=_b,_tp,_r:191:163
_.ni/<@https://www.gstatic.com/_/mss/boq-identity/_/js/k=boq-identity.AccountsSignInUi.ru.aFgcuvmlYKU.es5.O/am=BJzjsIEfhA5U55_xyWEAAAAAAAAAAICFISdA/d=1/excm=_b,_r,_tp,rejectedview/ed=1/dg=0/wt=2/ujg=1/rs=AOaEmlFVx9c4h0Z8Hdecz4EHSgHQyzfhag/m=_b,_tp,_r:195:209
nda/e.aa</e.ea<@https://www.gstatic.com/_/mss/boq-identity/_/js/k=boq-identity.AccountsSignInUi.ru.aFgcuvmlYKU.es5.O/am=BJzjsIEfhA5U55_xyWEAAAAAAAAAAICFISdA/d=1/excm=_b,_r,_tp,rejectedview/ed=1/dg=0/wt=2/ujg=1/rs=AOaEmlFVx9c4h0Z8Hdecz4EHSgHQyzfhag/m=_b,_tp,_r:180:468
uda@https://www.gstatic.com/_/mss/boq-identity/_/js/k=boq-identity.AccountsSignInUi.ru.aFgcuvmlYKU.es5.O/am=BJzjsIEfhA5U55_xyWEAAAAAAAAAAICFISdA/d=1/excm=_b,_r,_tp,rejectedview/ed=1/dg=0/wt=2/ujg=1/rs=AOaEmlFVx9c4h0Z8Hdecz4EHSgHQyzfhag/m=_b,_tp,_r:183:326
qda@https://www.gstatic.com/_/mss/boq-identity/_/js/k=boq-identity.AccountsSignInUi.ru.aFgcuvmlYKU.es5.O/am=BJzjsIEfhA5U55_xyWEAAAAAAAAAAICFISdA/d=1/excm=_b,_r,_tp,rejectedview/ed=1/dg=0/wt=2/ujg=1/rs=AOaEmlFVx9c4h0Z8Hdecz4EHSgHQyzfhag/m=_b,_tp,_r:183:201
_.Xh.prototype.Dz@https://www.gstatic.com/_/mss/boq-identity/_/js/k=boq-identity.AccountsSignInUi.ru.aFgcuvmlYKU.es5.O/am=BJzjsIEfhA5U55_xyWEAAAAAAAAAAICFISdA/d=1/excm=_b,_r,_tp,rejectedview/ed=1/dg=0/wt=2/ujg=1/rs=AOaEmlFVx9c4h0Z8Hdecz4EHSgHQyzfhag/m=_b,_tp,_r:183:72
hda@https://www.gstatic.com/_/mss/boq-identity/_/js/k=boq-identity.AccountsSignInUi.ru.aFgcuvmlYKU.es5.O/am=BJzjsIEfhA5U55_xyWEAAAAAAAAAAICFISdA/d=1/excm=_b,_r,_tp,rejectedview/ed=1/dg=0/wt=2/ujg=1/rs=AOaEmlFVx9c4h0Z8Hdecz4EHSgHQyzfhag/m=_b,_tp,_r:176:363

JavaScript error: , line 0: TypeError: NetworkError when attempting to fetch resource.
1683734994437	Marionette	INFO	Stopped listening on port 54732
3574284475	mozrunner::runner	INFO	Running command: "C:\\Users\\User\\AppData\\Local\\Mozilla Firefox\\firefox.exe" "--marionette" "--remote-debugging-port" "55 ... 83" "--remote-allow-hosts" "localhost" "-no-remote" "-profile" "C:\\Users\\User\\AppData\\Local\\Temp\\rust_mozprofilexTzEvS"
console.warn: services.settings: Ignoring preference override of remote settings server
console.warn: services.settings: Allow by setting MOZ_REMOTE_SETTINGS_DEVTOOLS=1 in the environment
1683574286780	Marionette	INFO	Marionette enabled
Dynamically enable window occlusion 0
1683574286837	Marionette	INFO	Listening on port 55191
Read port: 55191
WebDriver BiDi listening on ws://127.0.0.1:55183
1683574287739	RemoteAgent	WARN	TLS certificate errors will be ignored for this session
console.warn: SearchSettings: "get: No settings file exists, new profile?" (new NotFoundError("Could not open the file at C:\\Users\\User\\AppData\\Local\\Temp\\rust_mozprofilexTzEvS\\search.json.mozlz4", (void 0)))
[ERROR glean_core] Error setting metrics feature config: Json(Error("EOF while parsing a value", line: 1, column: 0))
DevTools listening on ws://127.0.0.1:55183/devtools/browser/b9a53f70-87d0-416c-a90b-3589529c40a3
console.warn: services.settings: Ignoring preference override of remote settings server
console.warn: services.settings: Allow by setting MOZ_REMOTE_SETTINGS_DEVTOOLS=1 in the environment
console.error: (new TypeError("lazy.AsyncShutdown.profileBeforeChange is undefined", "resource://services-settings/Database.sys.mjs", 599))
console.warn: LoginRecipes: "Falling back to a synchronous message for: https://accounts.google.com."
console.warn: LoginRecipes: "Falling back to a synchronous message for: https://accounts.google.com."
console.warn: LoginRecipes: "Falling back to a synchronous message for: https://accounts.google.com."
console.warn: LoginRecipes: "Falling back to a synchronous message for: https://accounts.google.com."
console.warn: LoginRecipes: "Falling back to a synchronous message for: https://accounts.google.com."
console.warn: LoginRecipes: "Falling back to a synchronous message for: https://accounts.google.com."
JavaScript warning: https://accounts.google.com/SignUp?cc=UA&continue=https%3A%2F%2Faccounts.google.com%2Fgsi%2Fselect%3Fclient_id%3D216296035834-k1k6qe060s2tp2a2jam4ljdcms00sttg.apps.googleusercontent.com%26origin%3Dhttps%3A%2F%2Fmedium.com%26ux_mode%3Dpopup%26relay_method%3D2%26scaft%3D1%26as%3D3FcTfnD5gtEqOGKmtWXzTg&dsh=S-1324633445%3A1683574603285353&faa=1&flowEntry=ServiceLogin&flowName=GlifWebSignIn&ifkv=Af_xneFTmxVIn2CwoRJ19PgUT-5T7WRy_7JC9xGZZMe-1q6uX47kkz3dRUzcBnVt-d4giIG5vE42ZQ line 2 > eval line 1327 > eval line 1 > eval line 1 > eval, line 1: WEBGL_debug_renderer_info is deprecated in Firefox and will be removed. Please use RENDERER.
console.warn: LoginRecipes: "Falling back to a synchronous message for: https://accounts.google.com."
JavaScript warning: https://accounts.google.com/v3/signin/identifier?dsh=S285343582%3A1683574668134552&continue=https%3A%2F%2Faccounts.google.com%2Fgsi%2Fselect%3Fclient_id%3D216296035834-k1k6qe060s2tp2a2jam4ljdcms00sttg.apps.googleusercontent.com%26origin%3Dhttps%3A%2F%2Fmedium.com%26ux_mode%3Dpopup%26relay_method%3D2%26scaft%3D1%26as%3D3FcTfnD5gtEqOGKmtWXzTg&faa=1&ifkv=Af_xneGIADhhhsmcC1K91NJ43CZWSuSgjxTK3Rn-k4uslsn1S8kAWhhCHgMZdhUJxctP9evS56Zw&flowName=GlifWebSignIn&flowEntry=ServiceLogin line 205 > injectedScript line 2 > eval line 3810 > eval line 1 > eval line 1 > eval, line 1: WEBGL_debug_renderer_info is deprecated in Firefox and will be removed. Please use RENDERER.
console.warn: LoginRecipes: "Falling back to a synchronous message for: https://accounts.google.com."
console.warn: LoginRecipes: "Falling back to a synchronous message for: https://accounts.google.com."
JavaScript error: , line 0: TypeError: NetworkError when attempting to fetch resource.
1683585133067	Marionette	INFO	Stopped listening on port 55191
Dynamically enable window occlusion 1
